scan-build: Using '/Users/jam2in/checker/bin/clang' for static analysis
/Applications/Xcode.app/Contents/Developer/usr/bin/make  all-recursive
Making all in doc
/Applications/Xcode.app/Contents/Developer/usr/bin/make  all-am
make[3]: Nothing to be done for `all-am'.
depbase=`echo engine_testapp.o | sed 's|[^/]*$|.deps/&|;s|\.o$||'`;\
	gcc -DHAVE_CONFIG_H -I.   -I./include -I/Users/jam2in/app/include/zookeeper -I/Users/jam2in/app/include  -fvisibility=hidden -g -O2 -Wall -Werror -pedantic -Wmissing-prototypes -Wmissing-declarations -Wredundant-decls  -MT engine_testapp.o -MD -MP -MF $depbase.Tpo -c -o engine_testapp.o engine_testapp.c &&\
	mv -f $depbase.Tpo $depbase.Po
depbase=`echo config_parser.lo | sed 's|[^/]*$|.deps/&|;s|\.lo$||'`;\
	/bin/sh ./libtool  --tag=CC   --mode=compile gcc -DHAVE_CONFIG_H -I.   -I./include -I/Users/jam2in/app/include/zookeeper -I/Users/jam2in/app/include  -fvisibility=hidden -g -O2 -Wall -Werror -pedantic -Wmissing-prototypes -Wmissing-declarations -Wredundant-decls  -MT config_parser.lo -MD -MP -MF $depbase.Tpo -c -o config_parser.lo config_parser.c &&\
	mv -f $depbase.Tpo $depbase.Plo
libtool: compile:  gcc -DHAVE_CONFIG_H -I. -I./include -I/Users/jam2in/app/include/zookeeper -I/Users/jam2in/app/include -fvisibility=hidden -g -O2 -Wall -Werror -pedantic -Wmissing-prototypes -Wmissing-declarations -Wredundant-decls -MT config_parser.lo -MD -MP -MF .deps/config_parser.Tpo -c config_parser.c  -fno-common -DPIC -o .libs/config_parser.o
depbase=`echo engine_loader.lo | sed 's|[^/]*$|.deps/&|;s|\.lo$||'`;\
	/bin/sh ./libtool  --tag=CC   --mode=compile gcc -DHAVE_CONFIG_H -I.   -I./include -I/Users/jam2in/app/include/zookeeper -I/Users/jam2in/app/include  -fvisibility=hidden -g -O2 -Wall -Werror -pedantic -Wmissing-prototypes -Wmissing-declarations -Wredundant-decls  -MT engine_loader.lo -MD -MP -MF $depbase.Tpo -c -o engine_loader.lo engine_loader.c &&\
	mv -f $depbase.Tpo $depbase.Plo
libtool: compile:  gcc -DHAVE_CONFIG_H -I. -I./include -I/Users/jam2in/app/include/zookeeper -I/Users/jam2in/app/include -fvisibility=hidden -g -O2 -Wall -Werror -pedantic -Wmissing-prototypes -Wmissing-declarations -Wredundant-decls -MT engine_loader.lo -MD -MP -MF .deps/engine_loader.Tpo -c engine_loader.c  -fno-common -DPIC -o .libs/engine_loader.o
depbase=`echo extension_loggers.lo | sed 's|[^/]*$|.deps/&|;s|\.lo$||'`;\
	/bin/sh ./libtool  --tag=CC   --mode=compile gcc -DHAVE_CONFIG_H -I.   -I./include -I/Users/jam2in/app/include/zookeeper -I/Users/jam2in/app/include  -fvisibility=hidden -g -O2 -Wall -Werror -pedantic -Wmissing-prototypes -Wmissing-declarations -Wredundant-decls  -MT extension_loggers.lo -MD -MP -MF $depbase.Tpo -c -o extension_loggers.lo extension_loggers.c &&\
	mv -f $depbase.Tpo $depbase.Plo
libtool: compile:  gcc -DHAVE_CONFIG_H -I. -I./include -I/Users/jam2in/app/include/zookeeper -I/Users/jam2in/app/include -fvisibility=hidden -g -O2 -Wall -Werror -pedantic -Wmissing-prototypes -Wmissing-declarations -Wredundant-decls -MT extension_loggers.lo -MD -MP -MF .deps/extension_loggers.Tpo -c extension_loggers.c  -fno-common -DPIC -o .libs/extension_loggers.o
depbase=`echo genhash.lo | sed 's|[^/]*$|.deps/&|;s|\.lo$||'`;\
	/bin/sh ./libtool  --tag=CC   --mode=compile gcc -DHAVE_CONFIG_H -I.   -I./include -I/Users/jam2in/app/include/zookeeper -I/Users/jam2in/app/include  -fvisibility=hidden -g -O2 -Wall -Werror -pedantic -Wmissing-prototypes -Wmissing-declarations -Wredundant-decls  -MT genhash.lo -MD -MP -MF $depbase.Tpo -c -o genhash.lo genhash.c &&\
	mv -f $depbase.Tpo $depbase.Plo
libtool: compile:  gcc -DHAVE_CONFIG_H -I. -I./include -I/Users/jam2in/app/include/zookeeper -I/Users/jam2in/app/include -fvisibility=hidden -g -O2 -Wall -Werror -pedantic -Wmissing-prototypes -Wmissing-declarations -Wredundant-decls -MT genhash.lo -MD -MP -MF .deps/genhash.Tpo -c genhash.c  -fno-common -DPIC -o .libs/genhash.o
depbase=`echo mock_server.lo | sed 's|[^/]*$|.deps/&|;s|\.lo$||'`;\
	/bin/sh ./libtool  --tag=CC   --mode=compile gcc -DHAVE_CONFIG_H -I.   -I./include -I/Users/jam2in/app/include/zookeeper -I/Users/jam2in/app/include  -fvisibility=hidden -g -O2 -Wall -Werror -pedantic -Wmissing-prototypes -Wmissing-declarations -Wredundant-decls  -MT mock_server.lo -MD -MP -MF $depbase.Tpo -c -o mock_server.lo mock_server.c &&\
	mv -f $depbase.Tpo $depbase.Plo
libtool: compile:  gcc -DHAVE_CONFIG_H -I. -I./include -I/Users/jam2in/app/include/zookeeper -I/Users/jam2in/app/include -fvisibility=hidden -g -O2 -Wall -Werror -pedantic -Wmissing-prototypes -Wmissing-declarations -Wredundant-decls -MT mock_server.lo -MD -MP -MF .deps/mock_server.Tpo -c mock_server.c  -fno-common -DPIC -o .libs/mock_server.o
depbase=`echo util.lo | sed 's|[^/]*$|.deps/&|;s|\.lo$||'`;\
	/bin/sh ./libtool  --tag=CC   --mode=compile gcc -DHAVE_CONFIG_H -I.   -I./include -I/Users/jam2in/app/include/zookeeper -I/Users/jam2in/app/include  -fvisibility=hidden -g -O2 -Wall -Werror -pedantic -Wmissing-prototypes -Wmissing-declarations -Wredundant-decls  -MT util.lo -MD -MP -MF $depbase.Tpo -c -o util.lo util.c &&\
	mv -f $depbase.Tpo $depbase.Plo
libtool: compile:  gcc -DHAVE_CONFIG_H -I. -I./include -I/Users/jam2in/app/include/zookeeper -I/Users/jam2in/app/include -fvisibility=hidden -g -O2 -Wall -Werror -pedantic -Wmissing-prototypes -Wmissing-declarations -Wredundant-decls -MT util.lo -MD -MP -MF .deps/util.Tpo -c util.c  -fno-common -DPIC -o .libs/util.o
/bin/sh ./libtool  --tag=CC   --mode=link gcc -fvisibility=hidden -g -O2 -Wall -Werror -pedantic -Wmissing-prototypes -Wmissing-declarations -Wredundant-decls   -L/Users/jam2in/app/lib -L/Users/jam2in/app/lib  -o libmcd_util.la  config_parser.lo engine_loader.lo extension_loggers.lo genhash.lo mock_server.lo util.lo  
libtool: link: ar cr .libs/libmcd_util.a .libs/config_parser.o .libs/engine_loader.o .libs/extension_loggers.o .libs/genhash.o .libs/mock_server.o .libs/util.o 
libtool: link: ranlib .libs/libmcd_util.a
libtool: link: ( cd ".libs" && rm -f "libmcd_util.la" && ln -s "../libmcd_util.la" "libmcd_util.la" )
/bin/sh ./libtool  --tag=CC   --mode=link gcc -fvisibility=hidden -g -O2 -Wall -Werror -pedantic -Wmissing-prototypes -Wmissing-declarations -Wredundant-decls   -L/Users/jam2in/app/lib -L/Users/jam2in/app/lib  -o engine_testapp engine_testapp.o libmcd_util.la  
libtool: link: gcc -fvisibility=hidden -g -O2 -Wall -Werror -pedantic -Wmissing-prototypes -Wmissing-declarations -Wredundant-decls -o engine_testapp engine_testapp.o  -L/Users/jam2in/app/lib ./.libs/libmcd_util.a
gcc -DHAVE_CONFIG_H -I.   -I./include -I/Users/jam2in/app/include/zookeeper -I/Users/jam2in/app/include  -fvisibility=hidden -g -O2 -Wall -Werror -pedantic -Wmissing-prototypes -Wmissing-declarations -Wredundant-decls  -MT memcached-daemon.o -MD -MP -MF .deps/memcached-daemon.Tpo -c -o memcached-daemon.o `test -f 'daemon.c' || echo './'`daemon.c
mv -f .deps/memcached-daemon.Tpo .deps/memcached-daemon.Po
gcc -DHAVE_CONFIG_H -I.   -I./include -I/Users/jam2in/app/include/zookeeper -I/Users/jam2in/app/include  -fvisibility=hidden -g -O2 -Wall -Werror -pedantic -Wmissing-prototypes -Wmissing-declarations -Wredundant-decls  -MT memcached-hash.o -MD -MP -MF .deps/memcached-hash.Tpo -c -o memcached-hash.o `test -f 'hash.c' || echo './'`hash.c
mv -f .deps/memcached-hash.Tpo .deps/memcached-hash.Po
gcc -DHAVE_CONFIG_H -I.   -I./include -I/Users/jam2in/app/include/zookeeper -I/Users/jam2in/app/include  -fvisibility=hidden -g -O2 -Wall -Werror -pedantic -Wmissing-prototypes -Wmissing-declarations -Wredundant-decls  -MT memcached-memcached.o -MD -MP -MF .deps/memcached-memcached.Tpo -c -o memcached-memcached.o `test -f 'memcached.c' || echo './'`memcached.c
mv -f .deps/memcached-memcached.Tpo .deps/memcached-memcached.Po
gcc -DHAVE_CONFIG_H -I.   -I./include -I/Users/jam2in/app/include/zookeeper -I/Users/jam2in/app/include  -fvisibility=hidden -g -O2 -Wall -Werror -pedantic -Wmissing-prototypes -Wmissing-declarations -Wredundant-decls  -MT memcached-stats_prefix.o -MD -MP -MF .deps/memcached-stats_prefix.Tpo -c -o memcached-stats_prefix.o `test -f 'stats_prefix.c' || echo './'`stats_prefix.c
mv -f .deps/memcached-stats_prefix.Tpo .deps/memcached-stats_prefix.Po
gcc -DHAVE_CONFIG_H -I.   -I./include -I/Users/jam2in/app/include/zookeeper -I/Users/jam2in/app/include  -fvisibility=hidden -g -O2 -Wall -Werror -pedantic -Wmissing-prototypes -Wmissing-declarations -Wredundant-decls  -MT memcached-thread.o -MD -MP -MF .deps/memcached-thread.Tpo -c -o memcached-thread.o `test -f 'thread.c' || echo './'`thread.c
mv -f .deps/memcached-thread.Tpo .deps/memcached-thread.Po
gcc -DHAVE_CONFIG_H -I.   -I./include -I/Users/jam2in/app/include/zookeeper -I/Users/jam2in/app/include  -fvisibility=hidden -g -O2 -Wall -Werror -pedantic -Wmissing-prototypes -Wmissing-declarations -Wredundant-decls  -MT memcached-mc_util.o -MD -MP -MF .deps/memcached-mc_util.Tpo -c -o memcached-mc_util.o `test -f 'mc_util.c' || echo './'`mc_util.c
mv -f .deps/memcached-mc_util.Tpo .deps/memcached-mc_util.Po
gcc -DHAVE_CONFIG_H -I.   -I./include -I/Users/jam2in/app/include/zookeeper -I/Users/jam2in/app/include  -fvisibility=hidden -g -O2 -Wall -Werror -pedantic -Wmissing-prototypes -Wmissing-declarations -Wredundant-decls  -MT memcached-topkeys.o -MD -MP -MF .deps/memcached-topkeys.Tpo -c -o memcached-topkeys.o `test -f 'topkeys.c' || echo './'`topkeys.c
mv -f .deps/memcached-topkeys.Tpo .deps/memcached-topkeys.Po
gcc -DHAVE_CONFIG_H -I.   -I./include -I/Users/jam2in/app/include/zookeeper -I/Users/jam2in/app/include  -fvisibility=hidden -g -O2 -Wall -Werror -pedantic -Wmissing-prototypes -Wmissing-declarations -Wredundant-decls  -MT memcached-cmdlog.o -MD -MP -MF .deps/memcached-cmdlog.Tpo -c -o memcached-cmdlog.o `test -f 'cmdlog.c' || echo './'`cmdlog.c
mv -f .deps/memcached-cmdlog.Tpo .deps/memcached-cmdlog.Po
gcc -DHAVE_CONFIG_H -I.   -I./include -I/Users/jam2in/app/include/zookeeper -I/Users/jam2in/app/include  -fvisibility=hidden -g -O2 -Wall -Werror -pedantic -Wmissing-prototypes -Wmissing-declarations -Wredundant-decls  -MT memcached-lqdetect.o -MD -MP -MF .deps/memcached-lqdetect.Tpo -c -o memcached-lqdetect.o `test -f 'lqdetect.c' || echo './'`lqdetect.c
mv -f .deps/memcached-lqdetect.Tpo .deps/memcached-lqdetect.Po
gcc -DHAVE_CONFIG_H -I.   -I./include -I/Users/jam2in/app/include/zookeeper -I/Users/jam2in/app/include  -fvisibility=hidden -g -O2 -Wall -Werror -pedantic -Wmissing-prototypes -Wmissing-declarations -Wredundant-decls  -MT memcached-cache.o -MD -MP -MF .deps/memcached-cache.Tpo -c -o memcached-cache.o `test -f 'cache.c' || echo './'`cache.c
mv -f .deps/memcached-cache.Tpo .deps/memcached-cache.Po
gcc -DHAVE_CONFIG_H -I.   -I./include -I/Users/jam2in/app/include/zookeeper -I/Users/jam2in/app/include  -fvisibility=hidden -g -O2 -Wall -Werror   -Wmissing-prototypes -Wmissing-declarations -Wredundant-decls  -MT libarcuszk_a-arcus_zk.o -MD -MP -MF .deps/libarcuszk_a-arcus_zk.Tpo -c -o libarcuszk_a-arcus_zk.o `test -f 'arcus_zk.c' || echo './'`arcus_zk.c
mv -f .deps/libarcuszk_a-arcus_zk.Tpo .deps/libarcuszk_a-arcus_zk.Po
gcc -DHAVE_CONFIG_H -I.   -I./include -I/Users/jam2in/app/include/zookeeper -I/Users/jam2in/app/include  -fvisibility=hidden -g -O2 -Wall -Werror   -Wmissing-prototypes -Wmissing-declarations -Wredundant-decls  -MT libarcuszk_a-arcus_hb.o -MD -MP -MF .deps/libarcuszk_a-arcus_hb.Tpo -c -o libarcuszk_a-arcus_hb.o `test -f 'arcus_hb.c' || echo './'`arcus_hb.c
mv -f .deps/libarcuszk_a-arcus_hb.Tpo .deps/libarcuszk_a-arcus_hb.Po
gcc -DHAVE_CONFIG_H -I.   -I./include -I/Users/jam2in/app/include/zookeeper -I/Users/jam2in/app/include  -fvisibility=hidden -g -O2 -Wall -Werror   -Wmissing-prototypes -Wmissing-declarations -Wredundant-decls  -MT libarcuszk_a-cluster_config.o -MD -MP -MF .deps/libarcuszk_a-cluster_config.Tpo -c -o libarcuszk_a-cluster_config.o `test -f 'cluster_config.c' || echo './'`cluster_config.c
mv -f .deps/libarcuszk_a-cluster_config.Tpo .deps/libarcuszk_a-cluster_config.Po
rm -f libarcuszk.a
ar cru libarcuszk.a libarcuszk_a-arcus_zk.o libarcuszk_a-arcus_hb.o libarcuszk_a-cluster_config.o 
ranlib libarcuszk.a
/bin/sh ./libtool  --tag=CC   --mode=link gcc -fvisibility=hidden -g -O2 -Wall -Werror -pedantic -Wmissing-prototypes -Wmissing-declarations -Wredundant-decls  -R '/Users/jam2in/app/lib'  -L/Users/jam2in/app/lib -L/Users/jam2in/app/lib  -o memcached memcached-daemon.o memcached-hash.o memcached-memcached.o memcached-stats_prefix.o memcached-thread.o memcached-mc_util.o memcached-topkeys.o memcached-cmdlog.o memcached-lqdetect.o memcached-cache.o       libmcd_util.la -levent  libarcuszk.a -lzookeeper_mt  
libtool: link: gcc -fvisibility=hidden -g -O2 -Wall -Werror -pedantic -Wmissing-prototypes -Wmissing-declarations -Wredundant-decls -o memcached memcached-daemon.o memcached-hash.o memcached-memcached.o memcached-stats_prefix.o memcached-thread.o memcached-mc_util.o memcached-topkeys.o memcached-cmdlog.o memcached-lqdetect.o memcached-cache.o  -L/Users/jam2in/app/lib ./.libs/libmcd_util.a /Users/jam2in/app/lib/libevent.dylib libarcuszk.a /Users/jam2in/app/lib/libzookeeper_mt.dylib -lm -lpthread
depbase=`echo sizes.o | sed 's|[^/]*$|.deps/&|;s|\.o$||'`;\
	gcc -DHAVE_CONFIG_H -I.   -I./include -I/Users/jam2in/app/include/zookeeper -I/Users/jam2in/app/include  -fvisibility=hidden -g -O2 -Wall -Werror -pedantic -Wmissing-prototypes -Wmissing-declarations -Wredundant-decls  -MT sizes.o -MD -MP -MF $depbase.Tpo -c -o sizes.o sizes.c &&\
	mv -f $depbase.Tpo $depbase.Po
/bin/sh ./libtool  --tag=CC   --mode=link gcc -fvisibility=hidden -g -O2 -Wall -Werror -pedantic -Wmissing-prototypes -Wmissing-declarations -Wredundant-decls   -L/Users/jam2in/app/lib -L/Users/jam2in/app/lib  -o sizes sizes.o  
libtool: link: gcc -fvisibility=hidden -g -O2 -Wall -Werror -pedantic -Wmissing-prototypes -Wmissing-declarations -Wredundant-decls -o sizes sizes.o  -L/Users/jam2in/app/lib
depbase=`echo testapp.o | sed 's|[^/]*$|.deps/&|;s|\.o$||'`;\
	gcc -DHAVE_CONFIG_H -I.   -I./include -I/Users/jam2in/app/include/zookeeper -I/Users/jam2in/app/include  -fvisibility=hidden -g -O2 -Wall -Werror -pedantic -Wmissing-prototypes -Wmissing-declarations -Wredundant-decls  -MT testapp.o -MD -MP -MF $depbase.Tpo -c -o testapp.o testapp.c &&\
	mv -f $depbase.Tpo $depbase.Po
depbase=`echo cache.o | sed 's|[^/]*$|.deps/&|;s|\.o$||'`;\
	gcc -DHAVE_CONFIG_H -I.   -I./include -I/Users/jam2in/app/include/zookeeper -I/Users/jam2in/app/include  -fvisibility=hidden -g -O2 -Wall -Werror -pedantic -Wmissing-prototypes -Wmissing-declarations -Wredundant-decls  -MT cache.o -MD -MP -MF $depbase.Tpo -c -o cache.o cache.c &&\
	mv -f $depbase.Tpo $depbase.Po
/bin/sh ./libtool  --tag=CC   --mode=link gcc -fvisibility=hidden -g -O2 -Wall -Werror -pedantic -Wmissing-prototypes -Wmissing-declarations -Wredundant-decls   -L/Users/jam2in/app/lib -L/Users/jam2in/app/lib  -o testapp testapp.o cache.o libmcd_util.la  
libtool: link: gcc -fvisibility=hidden -g -O2 -Wall -Werror -pedantic -Wmissing-prototypes -Wmissing-declarations -Wredundant-decls -o testapp testapp.o cache.o  -L/Users/jam2in/app/lib ./.libs/libmcd_util.a
depbase=`echo timedrun.o | sed 's|[^/]*$|.deps/&|;s|\.o$||'`;\
	gcc -DHAVE_CONFIG_H -I.   -I./include -I/Users/jam2in/app/include/zookeeper -I/Users/jam2in/app/include  -fvisibility=hidden -g -O2 -Wall -Werror -pedantic -Wmissing-prototypes -Wmissing-declarations -Wredundant-decls  -MT timedrun.o -MD -MP -MF $depbase.Tpo -c -o timedrun.o timedrun.c &&\
	mv -f $depbase.Tpo $depbase.Po
/bin/sh ./libtool  --tag=CC   --mode=link gcc -fvisibility=hidden -g -O2 -Wall -Werror -pedantic -Wmissing-prototypes -Wmissing-declarations -Wredundant-decls   -L/Users/jam2in/app/lib -L/Users/jam2in/app/lib  -o timedrun timedrun.o  
libtool: link: gcc -fvisibility=hidden -g -O2 -Wall -Werror -pedantic -Wmissing-prototypes -Wmissing-declarations -Wredundant-decls -o timedrun timedrun.o  -L/Users/jam2in/app/lib
depbase=`echo ascii_scrub.lo | sed 's|[^/]*$|.deps/&|;s|\.lo$||'`;\
	/bin/sh ./libtool  --tag=CC   --mode=compile gcc -DHAVE_CONFIG_H -I.   -I./include -I/Users/jam2in/app/include/zookeeper -I/Users/jam2in/app/include  -fvisibility=hidden -g -O2 -Wall -Werror -pedantic -Wmissing-prototypes -Wmissing-declarations -Wredundant-decls  -MT ascii_scrub.lo -MD -MP -MF $depbase.Tpo -c -o ascii_scrub.lo ascii_scrub.c &&\
	mv -f $depbase.Tpo $depbase.Plo
libtool: compile:  gcc -DHAVE_CONFIG_H -I. -I./include -I/Users/jam2in/app/include/zookeeper -I/Users/jam2in/app/include -fvisibility=hidden -g -O2 -Wall -Werror -pedantic -Wmissing-prototypes -Wmissing-declarations -Wredundant-decls -MT ascii_scrub.lo -MD -MP -MF .deps/ascii_scrub.Tpo -c ascii_scrub.c  -fno-common -DPIC -o .libs/ascii_scrub.o
/bin/sh ./libtool  --tag=CC   --mode=link gcc -fvisibility=hidden -g -O2 -Wall -Werror -pedantic -Wmissing-prototypes -Wmissing-declarations -Wredundant-decls  -avoid-version -shared -module -no-undefined -L/Users/jam2in/app/lib -L/Users/jam2in/app/lib  -o ascii_scrub.la -rpath /Users/jam2in/app/lib ascii_scrub.lo  
libtool: link: gcc  -o .libs/ascii_scrub.so -bundle  .libs/ascii_scrub.o   -L/Users/jam2in/app/lib  -g -O2  
libtool: link: ( cd ".libs" && rm -f "ascii_scrub.la" && ln -s "../ascii_scrub.la" "ascii_scrub.la" )
depbase=`echo basic_engine_testsuite.lo | sed 's|[^/]*$|.deps/&|;s|\.lo$||'`;\
	/bin/sh ./libtool  --tag=CC   --mode=compile gcc -DHAVE_CONFIG_H -I.   -I./include -I/Users/jam2in/app/include/zookeeper -I/Users/jam2in/app/include  -fvisibility=hidden -g -O2 -Wall -Werror -pedantic -Wmissing-prototypes -Wmissing-declarations -Wredundant-decls  -MT basic_engine_testsuite.lo -MD -MP -MF $depbase.Tpo -c -o basic_engine_testsuite.lo basic_engine_testsuite.c &&\
	mv -f $depbase.Tpo $depbase.Plo
libtool: compile:  gcc -DHAVE_CONFIG_H -I. -I./include -I/Users/jam2in/app/include/zookeeper -I/Users/jam2in/app/include -fvisibility=hidden -g -O2 -Wall -Werror -pedantic -Wmissing-prototypes -Wmissing-declarations -Wredundant-decls -MT basic_engine_testsuite.lo -MD -MP -MF .deps/basic_engine_testsuite.Tpo -c basic_engine_testsuite.c  -fno-common -DPIC -o .libs/basic_engine_testsuite.o
/bin/sh ./libtool  --tag=CC   --mode=link gcc -fvisibility=hidden -g -O2 -Wall -Werror -pedantic -Wmissing-prototypes -Wmissing-declarations -Wredundant-decls  -avoid-version -shared -module -no-undefined -L/Users/jam2in/app/lib -L/Users/jam2in/app/lib  -o basic_engine_testsuite.la -rpath /Users/jam2in/app/lib basic_engine_testsuite.lo libmcd_util.la  
libtool: link: gcc  -o .libs/basic_engine_testsuite.so -bundle  .libs/basic_engine_testsuite.o   -Wl,-force_load,./.libs/libmcd_util.a  -L/Users/jam2in/app/lib  -g -O2  
libtool: link: ( cd ".libs" && rm -f "basic_engine_testsuite.la" && ln -s "../basic_engine_testsuite.la" "basic_engine_testsuite.la" )
depbase=`echo engines/default/default_engine.lo | sed 's|[^/]*$|.deps/&|;s|\.lo$||'`;\
	/bin/sh ./libtool  --tag=CC   --mode=compile gcc -DHAVE_CONFIG_H -I.   -I./include -I/Users/jam2in/app/include/zookeeper -I/Users/jam2in/app/include  -fvisibility=hidden -g -O2 -Wall -Werror -pedantic -Wmissing-prototypes -Wmissing-declarations -Wredundant-decls  -MT engines/default/default_engine.lo -MD -MP -MF $depbase.Tpo -c -o engines/default/default_engine.lo engines/default/default_engine.c &&\
	mv -f $depbase.Tpo $depbase.Plo
libtool: compile:  gcc -DHAVE_CONFIG_H -I. -I./include -I/Users/jam2in/app/include/zookeeper -I/Users/jam2in/app/include -fvisibility=hidden -g -O2 -Wall -Werror -pedantic -Wmissing-prototypes -Wmissing-declarations -Wredundant-decls -MT engines/default/default_engine.lo -MD -MP -MF engines/default/.deps/default_engine.Tpo -c engines/default/default_engine.c  -fno-common -DPIC -o engines/default/.libs/default_engine.o
depbase=`echo engines/default/chkpt_snapshot.lo | sed 's|[^/]*$|.deps/&|;s|\.lo$||'`;\
	/bin/sh ./libtool  --tag=CC   --mode=compile gcc -DHAVE_CONFIG_H -I.   -I./include -I/Users/jam2in/app/include/zookeeper -I/Users/jam2in/app/include  -fvisibility=hidden -g -O2 -Wall -Werror -pedantic -Wmissing-prototypes -Wmissing-declarations -Wredundant-decls  -MT engines/default/chkpt_snapshot.lo -MD -MP -MF $depbase.Tpo -c -o engines/default/chkpt_snapshot.lo engines/default/chkpt_snapshot.c &&\
	mv -f $depbase.Tpo $depbase.Plo
libtool: compile:  gcc -DHAVE_CONFIG_H -I. -I./include -I/Users/jam2in/app/include/zookeeper -I/Users/jam2in/app/include -fvisibility=hidden -g -O2 -Wall -Werror -pedantic -Wmissing-prototypes -Wmissing-declarations -Wredundant-decls -MT engines/default/chkpt_snapshot.lo -MD -MP -MF engines/default/.deps/chkpt_snapshot.Tpo -c engines/default/chkpt_snapshot.c  -fno-common -DPIC -o engines/default/.libs/chkpt_snapshot.o
depbase=`echo engines/default/checkpoint.lo | sed 's|[^/]*$|.deps/&|;s|\.lo$||'`;\
	/bin/sh ./libtool  --tag=CC   --mode=compile gcc -DHAVE_CONFIG_H -I.   -I./include -I/Users/jam2in/app/include/zookeeper -I/Users/jam2in/app/include  -fvisibility=hidden -g -O2 -Wall -Werror -pedantic -Wmissing-prototypes -Wmissing-declarations -Wredundant-decls  -MT engines/default/checkpoint.lo -MD -MP -MF $depbase.Tpo -c -o engines/default/checkpoint.lo engines/default/checkpoint.c &&\
	mv -f $depbase.Tpo $depbase.Plo
libtool: compile:  gcc -DHAVE_CONFIG_H -I. -I./include -I/Users/jam2in/app/include/zookeeper -I/Users/jam2in/app/include -fvisibility=hidden -g -O2 -Wall -Werror -pedantic -Wmissing-prototypes -Wmissing-declarations -Wredundant-decls -MT engines/default/checkpoint.lo -MD -MP -MF engines/default/.deps/checkpoint.Tpo -c engines/default/checkpoint.c  -fno-common -DPIC -o engines/default/.libs/checkpoint.o
depbase=`echo engines/default/cmdlogmgr.lo | sed 's|[^/]*$|.deps/&|;s|\.lo$||'`;\
	/bin/sh ./libtool  --tag=CC   --mode=compile gcc -DHAVE_CONFIG_H -I.   -I./include -I/Users/jam2in/app/include/zookeeper -I/Users/jam2in/app/include  -fvisibility=hidden -g -O2 -Wall -Werror -pedantic -Wmissing-prototypes -Wmissing-declarations -Wredundant-decls  -MT engines/default/cmdlogmgr.lo -MD -MP -MF $depbase.Tpo -c -o engines/default/cmdlogmgr.lo engines/default/cmdlogmgr.c &&\
	mv -f $depbase.Tpo $depbase.Plo
libtool: compile:  gcc -DHAVE_CONFIG_H -I. -I./include -I/Users/jam2in/app/include/zookeeper -I/Users/jam2in/app/include -fvisibility=hidden -g -O2 -Wall -Werror -pedantic -Wmissing-prototypes -Wmissing-declarations -Wredundant-decls -MT engines/default/cmdlogmgr.lo -MD -MP -MF engines/default/.deps/cmdlogmgr.Tpo -c engines/default/cmdlogmgr.c  -fno-common -DPIC -o engines/default/.libs/cmdlogmgr.o
depbase=`echo engines/default/cmdlogbuf.lo | sed 's|[^/]*$|.deps/&|;s|\.lo$||'`;\
	/bin/sh ./libtool  --tag=CC   --mode=compile gcc -DHAVE_CONFIG_H -I.   -I./include -I/Users/jam2in/app/include/zookeeper -I/Users/jam2in/app/include  -fvisibility=hidden -g -O2 -Wall -Werror -pedantic -Wmissing-prototypes -Wmissing-declarations -Wredundant-decls  -MT engines/default/cmdlogbuf.lo -MD -MP -MF $depbase.Tpo -c -o engines/default/cmdlogbuf.lo engines/default/cmdlogbuf.c &&\
	mv -f $depbase.Tpo $depbase.Plo
libtool: compile:  gcc -DHAVE_CONFIG_H -I. -I./include -I/Users/jam2in/app/include/zookeeper -I/Users/jam2in/app/include -fvisibility=hidden -g -O2 -Wall -Werror -pedantic -Wmissing-prototypes -Wmissing-declarations -Wredundant-decls -MT engines/default/cmdlogbuf.lo -MD -MP -MF engines/default/.deps/cmdlogbuf.Tpo -c engines/default/cmdlogbuf.c  -fno-common -DPIC -o engines/default/.libs/cmdlogbuf.o
depbase=`echo engines/default/cmdlogfile.lo | sed 's|[^/]*$|.deps/&|;s|\.lo$||'`;\
	/bin/sh ./libtool  --tag=CC   --mode=compile gcc -DHAVE_CONFIG_H -I.   -I./include -I/Users/jam2in/app/include/zookeeper -I/Users/jam2in/app/include  -fvisibility=hidden -g -O2 -Wall -Werror -pedantic -Wmissing-prototypes -Wmissing-declarations -Wredundant-decls  -MT engines/default/cmdlogfile.lo -MD -MP -MF $depbase.Tpo -c -o engines/default/cmdlogfile.lo engines/default/cmdlogfile.c &&\
	mv -f $depbase.Tpo $depbase.Plo
libtool: compile:  gcc -DHAVE_CONFIG_H -I. -I./include -I/Users/jam2in/app/include/zookeeper -I/Users/jam2in/app/include -fvisibility=hidden -g -O2 -Wall -Werror -pedantic -Wmissing-prototypes -Wmissing-declarations -Wredundant-decls -MT engines/default/cmdlogfile.lo -MD -MP -MF engines/default/.deps/cmdlogfile.Tpo -c engines/default/cmdlogfile.c  -fno-common -DPIC -o engines/default/.libs/cmdlogfile.o
depbase=`echo engines/default/cmdlogrec.lo | sed 's|[^/]*$|.deps/&|;s|\.lo$||'`;\
	/bin/sh ./libtool  --tag=CC   --mode=compile gcc -DHAVE_CONFIG_H -I.   -I./include -I/Users/jam2in/app/include/zookeeper -I/Users/jam2in/app/include  -fvisibility=hidden -g -O2 -Wall -Werror -pedantic -Wmissing-prototypes -Wmissing-declarations -Wredundant-decls  -MT engines/default/cmdlogrec.lo -MD -MP -MF $depbase.Tpo -c -o engines/default/cmdlogrec.lo engines/default/cmdlogrec.c &&\
	mv -f $depbase.Tpo $depbase.Plo
libtool: compile:  gcc -DHAVE_CONFIG_H -I. -I./include -I/Users/jam2in/app/include/zookeeper -I/Users/jam2in/app/include -fvisibility=hidden -g -O2 -Wall -Werror -pedantic -Wmissing-prototypes -Wmissing-declarations -Wredundant-decls -MT engines/default/cmdlogrec.lo -MD -MP -MF engines/default/.deps/cmdlogrec.Tpo -c engines/default/cmdlogrec.c  -fno-common -DPIC -o engines/default/.libs/cmdlogrec.o
depbase=`echo engines/default/prefix.lo | sed 's|[^/]*$|.deps/&|;s|\.lo$||'`;\
	/bin/sh ./libtool  --tag=CC   --mode=compile gcc -DHAVE_CONFIG_H -I.   -I./include -I/Users/jam2in/app/include/zookeeper -I/Users/jam2in/app/include  -fvisibility=hidden -g -O2 -Wall -Werror -pedantic -Wmissing-prototypes -Wmissing-declarations -Wredundant-decls  -MT engines/default/prefix.lo -MD -MP -MF $depbase.Tpo -c -o engines/default/prefix.lo engines/default/prefix.c &&\
	mv -f $depbase.Tpo $depbase.Plo
libtool: compile:  gcc -DHAVE_CONFIG_H -I. -I./include -I/Users/jam2in/app/include/zookeeper -I/Users/jam2in/app/include -fvisibility=hidden -g -O2 -Wall -Werror -pedantic -Wmissing-prototypes -Wmissing-declarations -Wredundant-decls -MT engines/default/prefix.lo -MD -MP -MF engines/default/.deps/prefix.Tpo -c engines/default/prefix.c  -fno-common -DPIC -o engines/default/.libs/prefix.o
depbase=`echo engines/default/assoc.lo | sed 's|[^/]*$|.deps/&|;s|\.lo$||'`;\
	/bin/sh ./libtool  --tag=CC   --mode=compile gcc -DHAVE_CONFIG_H -I.   -I./include -I/Users/jam2in/app/include/zookeeper -I/Users/jam2in/app/include  -fvisibility=hidden -g -O2 -Wall -Werror -pedantic -Wmissing-prototypes -Wmissing-declarations -Wredundant-decls  -MT engines/default/assoc.lo -MD -MP -MF $depbase.Tpo -c -o engines/default/assoc.lo engines/default/assoc.c &&\
	mv -f $depbase.Tpo $depbase.Plo
libtool: compile:  gcc -DHAVE_CONFIG_H -I. -I./include -I/Users/jam2in/app/include/zookeeper -I/Users/jam2in/app/include -fvisibility=hidden -g -O2 -Wall -Werror -pedantic -Wmissing-prototypes -Wmissing-declarations -Wredundant-decls -MT engines/default/assoc.lo -MD -MP -MF engines/default/.deps/assoc.Tpo -c engines/default/assoc.c  -fno-common -DPIC -o engines/default/.libs/assoc.o
depbase=`echo engines/default/items.lo | sed 's|[^/]*$|.deps/&|;s|\.lo$||'`;\
	/bin/sh ./libtool  --tag=CC   --mode=compile gcc -DHAVE_CONFIG_H -I.   -I./include -I/Users/jam2in/app/include/zookeeper -I/Users/jam2in/app/include  -fvisibility=hidden -g -O2 -Wall -Werror -pedantic -Wmissing-prototypes -Wmissing-declarations -Wredundant-decls  -MT engines/default/items.lo -MD -MP -MF $depbase.Tpo -c -o engines/default/items.lo engines/default/items.c &&\
	mv -f $depbase.Tpo $depbase.Plo
libtool: compile:  gcc -DHAVE_CONFIG_H -I. -I./include -I/Users/jam2in/app/include/zookeeper -I/Users/jam2in/app/include -fvisibility=hidden -g -O2 -Wall -Werror -pedantic -Wmissing-prototypes -Wmissing-declarations -Wredundant-decls -MT engines/default/items.lo -MD -MP -MF engines/default/.deps/items.Tpo -c engines/default/items.c  -fno-common -DPIC -o engines/default/.libs/items.o
depbase=`echo engines/default/item_clog.lo | sed 's|[^/]*$|.deps/&|;s|\.lo$||'`;\
	/bin/sh ./libtool  --tag=CC   --mode=compile gcc -DHAVE_CONFIG_H -I.   -I./include -I/Users/jam2in/app/include/zookeeper -I/Users/jam2in/app/include  -fvisibility=hidden -g -O2 -Wall -Werror -pedantic -Wmissing-prototypes -Wmissing-declarations -Wredundant-decls  -MT engines/default/item_clog.lo -MD -MP -MF $depbase.Tpo -c -o engines/default/item_clog.lo engines/default/item_clog.c &&\
	mv -f $depbase.Tpo $depbase.Plo
libtool: compile:  gcc -DHAVE_CONFIG_H -I. -I./include -I/Users/jam2in/app/include/zookeeper -I/Users/jam2in/app/include -fvisibility=hidden -g -O2 -Wall -Werror -pedantic -Wmissing-prototypes -Wmissing-declarations -Wredundant-decls -MT engines/default/item_clog.lo -MD -MP -MF engines/default/.deps/item_clog.Tpo -c engines/default/item_clog.c  -fno-common -DPIC -o engines/default/.libs/item_clog.o
depbase=`echo engines/default/item_base.lo | sed 's|[^/]*$|.deps/&|;s|\.lo$||'`;\
	/bin/sh ./libtool  --tag=CC   --mode=compile gcc -DHAVE_CONFIG_H -I.   -I./include -I/Users/jam2in/app/include/zookeeper -I/Users/jam2in/app/include  -fvisibility=hidden -g -O2 -Wall -Werror -pedantic -Wmissing-prototypes -Wmissing-declarations -Wredundant-decls  -MT engines/default/item_base.lo -MD -MP -MF $depbase.Tpo -c -o engines/default/item_base.lo engines/default/item_base.c &&\
	mv -f $depbase.Tpo $depbase.Plo
libtool: compile:  gcc -DHAVE_CONFIG_H -I. -I./include -I/Users/jam2in/app/include/zookeeper -I/Users/jam2in/app/include -fvisibility=hidden -g -O2 -Wall -Werror -pedantic -Wmissing-prototypes -Wmissing-declarations -Wredundant-decls -MT engines/default/item_base.lo -MD -MP -MF engines/default/.deps/item_base.Tpo -c engines/default/item_base.c  -fno-common -DPIC -o engines/default/.libs/item_base.o
depbase=`echo engines/default/coll_list.lo | sed 's|[^/]*$|.deps/&|;s|\.lo$||'`;\
	/bin/sh ./libtool  --tag=CC   --mode=compile gcc -DHAVE_CONFIG_H -I.   -I./include -I/Users/jam2in/app/include/zookeeper -I/Users/jam2in/app/include  -fvisibility=hidden -g -O2 -Wall -Werror -pedantic -Wmissing-prototypes -Wmissing-declarations -Wredundant-decls  -MT engines/default/coll_list.lo -MD -MP -MF $depbase.Tpo -c -o engines/default/coll_list.lo engines/default/coll_list.c &&\
	mv -f $depbase.Tpo $depbase.Plo
libtool: compile:  gcc -DHAVE_CONFIG_H -I. -I./include -I/Users/jam2in/app/include/zookeeper -I/Users/jam2in/app/include -fvisibility=hidden -g -O2 -Wall -Werror -pedantic -Wmissing-prototypes -Wmissing-declarations -Wredundant-decls -MT engines/default/coll_list.lo -MD -MP -MF engines/default/.deps/coll_list.Tpo -c engines/default/coll_list.c  -fno-common -DPIC -o engines/default/.libs/coll_list.o
depbase=`echo engines/default/coll_set.lo | sed 's|[^/]*$|.deps/&|;s|\.lo$||'`;\
	/bin/sh ./libtool  --tag=CC   --mode=compile gcc -DHAVE_CONFIG_H -I.   -I./include -I/Users/jam2in/app/include/zookeeper -I/Users/jam2in/app/include  -fvisibility=hidden -g -O2 -Wall -Werror -pedantic -Wmissing-prototypes -Wmissing-declarations -Wredundant-decls  -MT engines/default/coll_set.lo -MD -MP -MF $depbase.Tpo -c -o engines/default/coll_set.lo engines/default/coll_set.c &&\
	mv -f $depbase.Tpo $depbase.Plo
libtool: compile:  gcc -DHAVE_CONFIG_H -I. -I./include -I/Users/jam2in/app/include/zookeeper -I/Users/jam2in/app/include -fvisibility=hidden -g -O2 -Wall -Werror -pedantic -Wmissing-prototypes -Wmissing-declarations -Wredundant-decls -MT engines/default/coll_set.lo -MD -MP -MF engines/default/.deps/coll_set.Tpo -c engines/default/coll_set.c  -fno-common -DPIC -o engines/default/.libs/coll_set.o
depbase=`echo engines/default/coll_map.lo | sed 's|[^/]*$|.deps/&|;s|\.lo$||'`;\
	/bin/sh ./libtool  --tag=CC   --mode=compile gcc -DHAVE_CONFIG_H -I.   -I./include -I/Users/jam2in/app/include/zookeeper -I/Users/jam2in/app/include  -fvisibility=hidden -g -O2 -Wall -Werror -pedantic -Wmissing-prototypes -Wmissing-declarations -Wredundant-decls  -MT engines/default/coll_map.lo -MD -MP -MF $depbase.Tpo -c -o engines/default/coll_map.lo engines/default/coll_map.c &&\
	mv -f $depbase.Tpo $depbase.Plo
libtool: compile:  gcc -DHAVE_CONFIG_H -I. -I./include -I/Users/jam2in/app/include/zookeeper -I/Users/jam2in/app/include -fvisibility=hidden -g -O2 -Wall -Werror -pedantic -Wmissing-prototypes -Wmissing-declarations -Wredundant-decls -MT engines/default/coll_map.lo -MD -MP -MF engines/default/.deps/coll_map.Tpo -c engines/default/coll_map.c  -fno-common -DPIC -o engines/default/.libs/coll_map.o
depbase=`echo engines/default/coll_btree.lo | sed 's|[^/]*$|.deps/&|;s|\.lo$||'`;\
	/bin/sh ./libtool  --tag=CC   --mode=compile gcc -DHAVE_CONFIG_H -I.   -I./include -I/Users/jam2in/app/include/zookeeper -I/Users/jam2in/app/include  -fvisibility=hidden -g -O2 -Wall -Werror -pedantic -Wmissing-prototypes -Wmissing-declarations -Wredundant-decls  -MT engines/default/coll_btree.lo -MD -MP -MF $depbase.Tpo -c -o engines/default/coll_btree.lo engines/default/coll_btree.c &&\
	mv -f $depbase.Tpo $depbase.Plo
libtool: compile:  gcc -DHAVE_CONFIG_H -I. -I./include -I/Users/jam2in/app/include/zookeeper -I/Users/jam2in/app/include -fvisibility=hidden -g -O2 -Wall -Werror -pedantic -Wmissing-prototypes -Wmissing-declarations -Wredundant-decls -MT engines/default/coll_btree.lo -MD -MP -MF engines/default/.deps/coll_btree.Tpo -c engines/default/coll_btree.c  -fno-common -DPIC -o engines/default/.libs/coll_btree.o
depbase=`echo engines/default/slabs.lo | sed 's|[^/]*$|.deps/&|;s|\.lo$||'`;\
	/bin/sh ./libtool  --tag=CC   --mode=compile gcc -DHAVE_CONFIG_H -I.   -I./include -I/Users/jam2in/app/include/zookeeper -I/Users/jam2in/app/include  -fvisibility=hidden -g -O2 -Wall -Werror -pedantic -Wmissing-prototypes -Wmissing-declarations -Wredundant-decls  -MT engines/default/slabs.lo -MD -MP -MF $depbase.Tpo -c -o engines/default/slabs.lo engines/default/slabs.c &&\
	mv -f $depbase.Tpo $depbase.Plo
libtool: compile:  gcc -DHAVE_CONFIG_H -I. -I./include -I/Users/jam2in/app/include/zookeeper -I/Users/jam2in/app/include -fvisibility=hidden -g -O2 -Wall -Werror -pedantic -Wmissing-prototypes -Wmissing-declarations -Wredundant-decls -MT engines/default/slabs.lo -MD -MP -MF engines/default/.deps/slabs.Tpo -c engines/default/slabs.c  -fno-common -DPIC -o engines/default/.libs/slabs.o
/bin/sh ./libtool  --tag=CC   --mode=link gcc -fvisibility=hidden -g -O2 -Wall -Werror -pedantic -Wmissing-prototypes -Wmissing-declarations -Wredundant-decls  -avoid-version -shared -module -no-undefined -L/Users/jam2in/app/lib -L/Users/jam2in/app/lib  -o default_engine.la -rpath /Users/jam2in/app/lib engines/default/default_engine.lo engines/default/chkpt_snapshot.lo engines/default/checkpoint.lo engines/default/cmdlogmgr.lo engines/default/cmdlogbuf.lo engines/default/cmdlogfile.lo engines/default/cmdlogrec.lo engines/default/prefix.lo engines/default/assoc.lo engines/default/items.lo engines/default/item_clog.lo engines/default/item_base.lo engines/default/coll_list.lo engines/default/coll_set.lo engines/default/coll_map.lo engines/default/coll_btree.lo engines/default/slabs.lo libmcd_util.la   
libtool: link: gcc  -o .libs/default_engine.so -bundle  engines/default/.libs/default_engine.o engines/default/.libs/chkpt_snapshot.o engines/default/.libs/checkpoint.o engines/default/.libs/cmdlogmgr.o engines/default/.libs/cmdlogbuf.o engines/default/.libs/cmdlogfile.o engines/default/.libs/cmdlogrec.o engines/default/.libs/prefix.o engines/default/.libs/assoc.o engines/default/.libs/items.o engines/default/.libs/item_clog.o engines/default/.libs/item_base.o engines/default/.libs/coll_list.o engines/default/.libs/coll_set.o engines/default/.libs/coll_map.o engines/default/.libs/coll_btree.o engines/default/.libs/slabs.o   -Wl,-force_load,./.libs/libmcd_util.a  -L/Users/jam2in/app/lib  -g -O2  
libtool: link: ( cd ".libs" && rm -f "default_engine.la" && ln -s "../default_engine.la" "default_engine.la" )
depbase=`echo engines/demo/demo_engine.lo | sed 's|[^/]*$|.deps/&|;s|\.lo$||'`;\
	/bin/sh ./libtool  --tag=CC   --mode=compile gcc -DHAVE_CONFIG_H -I.   -I./include -I/Users/jam2in/app/include/zookeeper -I/Users/jam2in/app/include  -fvisibility=hidden -g -O2 -Wall -Werror -pedantic -Wmissing-prototypes -Wmissing-declarations -Wredundant-decls  -MT engines/demo/demo_engine.lo -MD -MP -MF $depbase.Tpo -c -o engines/demo/demo_engine.lo engines/demo/demo_engine.c &&\
	mv -f $depbase.Tpo $depbase.Plo
libtool: compile:  gcc -DHAVE_CONFIG_H -I. -I./include -I/Users/jam2in/app/include/zookeeper -I/Users/jam2in/app/include -fvisibility=hidden -g -O2 -Wall -Werror -pedantic -Wmissing-prototypes -Wmissing-declarations -Wredundant-decls -MT engines/demo/demo_engine.lo -MD -MP -MF engines/demo/.deps/demo_engine.Tpo -c engines/demo/demo_engine.c  -fno-common -DPIC -o engines/demo/.libs/demo_engine.o
depbase=`echo engines/demo/dm_items.lo | sed 's|[^/]*$|.deps/&|;s|\.lo$||'`;\
	/bin/sh ./libtool  --tag=CC   --mode=compile gcc -DHAVE_CONFIG_H -I.   -I./include -I/Users/jam2in/app/include/zookeeper -I/Users/jam2in/app/include  -fvisibility=hidden -g -O2 -Wall -Werror -pedantic -Wmissing-prototypes -Wmissing-declarations -Wredundant-decls  -MT engines/demo/dm_items.lo -MD -MP -MF $depbase.Tpo -c -o engines/demo/dm_items.lo engines/demo/dm_items.c &&\
	mv -f $depbase.Tpo $depbase.Plo
libtool: compile:  gcc -DHAVE_CONFIG_H -I. -I./include -I/Users/jam2in/app/include/zookeeper -I/Users/jam2in/app/include -fvisibility=hidden -g -O2 -Wall -Werror -pedantic -Wmissing-prototypes -Wmissing-declarations -Wredundant-decls -MT engines/demo/dm_items.lo -MD -MP -MF engines/demo/.deps/dm_items.Tpo -c engines/demo/dm_items.c  -fno-common -DPIC -o engines/demo/.libs/dm_items.o
depbase=`echo engines/demo/dm_assoc.lo | sed 's|[^/]*$|.deps/&|;s|\.lo$||'`;\
	/bin/sh ./libtool  --tag=CC   --mode=compile gcc -DHAVE_CONFIG_H -I.   -I./include -I/Users/jam2in/app/include/zookeeper -I/Users/jam2in/app/include  -fvisibility=hidden -g -O2 -Wall -Werror -pedantic -Wmissing-prototypes -Wmissing-declarations -Wredundant-decls  -MT engines/demo/dm_assoc.lo -MD -MP -MF $depbase.Tpo -c -o engines/demo/dm_assoc.lo engines/demo/dm_assoc.c &&\
	mv -f $depbase.Tpo $depbase.Plo
libtool: compile:  gcc -DHAVE_CONFIG_H -I. -I./include -I/Users/jam2in/app/include/zookeeper -I/Users/jam2in/app/include -fvisibility=hidden -g -O2 -Wall -Werror -pedantic -Wmissing-prototypes -Wmissing-declarations -Wredundant-decls -MT engines/demo/dm_assoc.lo -MD -MP -MF engines/demo/.deps/dm_assoc.Tpo -c engines/demo/dm_assoc.c  -fno-common -DPIC -o engines/demo/.libs/dm_assoc.o
/bin/sh ./libtool  --tag=CC   --mode=link gcc -fvisibility=hidden -g -O2 -Wall -Werror -pedantic -Wmissing-prototypes -Wmissing-declarations -Wredundant-decls  -avoid-version -shared -module -no-undefined -L/Users/jam2in/app/lib -L/Users/jam2in/app/lib  -o demo_engine.la -rpath /Users/jam2in/app/lib engines/demo/demo_engine.lo engines/demo/dm_items.lo engines/demo/dm_assoc.lo libmcd_util.la   
libtool: link: gcc  -o .libs/demo_engine.so -bundle  engines/demo/.libs/demo_engine.o engines/demo/.libs/dm_items.o engines/demo/.libs/dm_assoc.o   -Wl,-force_load,./.libs/libmcd_util.a  -L/Users/jam2in/app/lib  -g -O2  
libtool: link: ( cd ".libs" && rm -f "demo_engine.la" && ln -s "../demo_engine.la" "demo_engine.la" )
depbase=`echo example_protocol.lo | sed 's|[^/]*$|.deps/&|;s|\.lo$||'`;\
	/bin/sh ./libtool  --tag=CC   --mode=compile gcc -DHAVE_CONFIG_H -I.   -I./include -I/Users/jam2in/app/include/zookeeper -I/Users/jam2in/app/include  -fvisibility=hidden -g -O2 -Wall -Werror -pedantic -Wmissing-prototypes -Wmissing-declarations -Wredundant-decls  -MT example_protocol.lo -MD -MP -MF $depbase.Tpo -c -o example_protocol.lo example_protocol.c &&\
	mv -f $depbase.Tpo $depbase.Plo
libtool: compile:  gcc -DHAVE_CONFIG_H -I. -I./include -I/Users/jam2in/app/include/zookeeper -I/Users/jam2in/app/include -fvisibility=hidden -g -O2 -Wall -Werror -pedantic -Wmissing-prototypes -Wmissing-declarations -Wredundant-decls -MT example_protocol.lo -MD -MP -MF .deps/example_protocol.Tpo -c example_protocol.c  -fno-common -DPIC -o .libs/example_protocol.o
/bin/sh ./libtool  --tag=CC   --mode=link gcc -fvisibility=hidden -g -O2 -Wall -Werror -pedantic -Wmissing-prototypes -Wmissing-declarations -Wredundant-decls  -avoid-version -shared -module -no-undefined -L/Users/jam2in/app/lib -L/Users/jam2in/app/lib  -o example_protocol.la -rpath /Users/jam2in/app/lib example_protocol.lo  
libtool: link: gcc  -o .libs/example_protocol.so -bundle  .libs/example_protocol.o   -L/Users/jam2in/app/lib  -g -O2  
libtool: link: ( cd ".libs" && rm -f "example_protocol.la" && ln -s "../example_protocol.la" "example_protocol.la" )
depbase=`echo stdin_check.lo | sed 's|[^/]*$|.deps/&|;s|\.lo$||'`;\
	/bin/sh ./libtool  --tag=CC   --mode=compile gcc -DHAVE_CONFIG_H -I.   -I./include -I/Users/jam2in/app/include/zookeeper -I/Users/jam2in/app/include  -fvisibility=hidden -g -O2 -Wall -Werror -pedantic -Wmissing-prototypes -Wmissing-declarations -Wredundant-decls  -MT stdin_check.lo -MD -MP -MF $depbase.Tpo -c -o stdin_check.lo stdin_check.c &&\
	mv -f $depbase.Tpo $depbase.Plo
libtool: compile:  gcc -DHAVE_CONFIG_H -I. -I./include -I/Users/jam2in/app/include/zookeeper -I/Users/jam2in/app/include -fvisibility=hidden -g -O2 -Wall -Werror -pedantic -Wmissing-prototypes -Wmissing-declarations -Wredundant-decls -MT stdin_check.lo -MD -MP -MF .deps/stdin_check.Tpo -c stdin_check.c  -fno-common -DPIC -o .libs/stdin_check.o
/bin/sh ./libtool  --tag=CC   --mode=link gcc -fvisibility=hidden -g -O2 -Wall -Werror -pedantic -Wmissing-prototypes -Wmissing-declarations -Wredundant-decls  -avoid-version -shared -module -no-undefined -L/Users/jam2in/app/lib -L/Users/jam2in/app/lib  -o stdin_term_handler.la -rpath /Users/jam2in/app/lib stdin_check.lo  
libtool: link: gcc  -o .libs/stdin_term_handler.so -bundle  .libs/stdin_check.o   -L/Users/jam2in/app/lib  -g -O2  
libtool: link: ( cd ".libs" && rm -f "stdin_term_handler.la" && ln -s "../stdin_term_handler.la" "stdin_term_handler.la" )
depbase=`echo syslog_logger.lo | sed 's|[^/]*$|.deps/&|;s|\.lo$||'`;\
	/bin/sh ./libtool  --tag=CC   --mode=compile gcc -DHAVE_CONFIG_H -I.   -I./include -I/Users/jam2in/app/include/zookeeper -I/Users/jam2in/app/include  -fvisibility=hidden -g -O2 -Wall -Werror -pedantic -Wmissing-prototypes -Wmissing-declarations -Wredundant-decls  -MT syslog_logger.lo -MD -MP -MF $depbase.Tpo -c -o syslog_logger.lo syslog_logger.c &&\
	mv -f $depbase.Tpo $depbase.Plo
libtool: compile:  gcc -DHAVE_CONFIG_H -I. -I./include -I/Users/jam2in/app/include/zookeeper -I/Users/jam2in/app/include -fvisibility=hidden -g -O2 -Wall -Werror -pedantic -Wmissing-prototypes -Wmissing-declarations -Wredundant-decls -MT syslog_logger.lo -MD -MP -MF .deps/syslog_logger.Tpo -c syslog_logger.c  -fno-common -DPIC -o .libs/syslog_logger.o
/bin/sh ./libtool  --tag=CC   --mode=link gcc -fvisibility=hidden -g -O2 -Wall -Werror -pedantic -Wmissing-prototypes -Wmissing-declarations -Wredundant-decls  -avoid-version -shared -module -no-undefined -L/Users/jam2in/app/lib -L/Users/jam2in/app/lib  -o syslog_logger.la -rpath /Users/jam2in/app/lib syslog_logger.lo  
libtool: link: gcc  -o .libs/syslog_logger.so -bundle  .libs/syslog_logger.o   -L/Users/jam2in/app/lib  -g -O2  
libtool: link: ( cd ".libs" && rm -f "syslog_logger.la" && ln -s "../syslog_logger.la" "syslog_logger.la" )
scan-build: Removing directory '/var/folders/9m/7s4t61ds0llc_z5ymwzp55s80000gn/T/scan-build-2024-05-29-1' because it contains no reports.
scan-build: No bugs found.
